[0629/135720.916:ERROR:process_memory_win.cc(73)] ReadMemory at 0x7ff719600000 of 64 bytes failed: Only part of a ReadProcessMemory or WriteProcessMemory request was completed. (0x12B)
[0629/135724.857:WARNING:pe_image_reader.cc(340)] could not read dos header from C:\Program Files (x86)\Google\Chrome\Application\chrome.exe
[0629/135724.857:ERROR:process_memory_win.cc(73)] ReadMemory at 0x7ff917a40000 of 64 bytes failed: Only part of a ReadProcessMemory or WriteProcessMemory request was completed. (0x12B)
[0629/135724.857:WARNING:pe_image_reader.cc(340)] could not read dos header from C:\WINDOWS\SYSTEM32\ntdll.dll
[0629/135724.857:ERROR:process_memory_win.cc(73)] ReadMemory at 0x7ff916410000 of 64 bytes failed: Only part of a ReadProcessMemory or WriteProcessMemory request was completed. (0x12B)
[0629/135725.285:WARNING:pe_image_reader.cc(340)] could not read dos header from C:\WINDOWS\System32\KERNEL32.DLL
[0629/135725.285:ERROR:process_memory_win.cc(73)] ReadMemory at 0x7ff914b70000 of 64 bytes failed: Only part of a ReadProcessMemory or WriteProcessMemory request was completed. (0x12B)
[0629/135725.285:WARNING:pe_image_reader.cc(340)] could not read dos header from C:\WINDOWS\System32\KERNELBASE.dll
[0629/135725.285:ERROR:process_memory_win.cc(73)] ReadMemory at 0x7ff907920000 of 64 bytes failed: Only part of a ReadProcessMemory or WriteProcessMemory request was completed. (0x12B)
[0629/135725.285:WARNING:pe_image_reader.cc(340)] could not read dos header from C:\Program Files (x86)\Google\Chrome\Application\83.0.4103.116\chrome_elf.dll
[0629/135725.285:ERROR:process_memory_win.cc(73)] ReadMemory at 0x7ff90ba40000 of 64 bytes failed: Only part of a ReadProcessMemory or WriteProcessMemory request was completed. (0x12B)
[0629/135725.285:WARNING:pe_image_reader.cc(340)] could not read dos header from C:\WINDOWS\SYSTEM32\VERSION.dll
[0629/135725.285:ERROR:process_memory_win.cc(73)] ReadMemory at 0x7ff917170000 of 64 bytes failed: Only part of a ReadProcessMemory or WriteProcessMemory request was completed. (0x12B)
[0629/135725.285:WARNING:pe_image_reader.cc(340)] could not read dos header from C:\WINDOWS\System32\msvcrt.dll
[0629/135725.285:ERROR:process_memory_win.cc(73)] ReadMemory at 0x7ff914af0000 of 64 bytes failed: Only part of a ReadProcessMemory or WriteProcessMemory request was completed. (0x12B)
[0629/135725.285:WARNING:pe_image_reader.cc(340)] could not read dos header from C:\WINDOWS\System32\bcryptPrimitives.dll
[0629/135725.285:ERROR:process_memory_win.cc(73)] ReadMemory at 0x7ff916300000 of 64 bytes failed: Only part of a ReadProcessMemory or WriteProcessMemory request was completed. (0x12B)
[0629/135725.285:WARNING:pe_image_reader.cc(340)] could not read dos header from C:\WINDOWS\System32\ADVAPI32.dll
[0629/135725.285:ERROR:process_memory_win.cc(73)] ReadMemory at 0x7ff915b00000 of 64 bytes failed: Only part of a ReadProcessMemory or WriteProcessMemory request was completed. (0x12B)
[0629/135725.286:WARNING:pe_image_reader.cc(340)] could not read dos header from C:\WINDOWS\System32\sechost.dll
[0629/135725.286:ERROR:process_memory_win.cc(73)] ReadMemory at 0x7ff9173c0000 of 64 bytes failed: Only part of a ReadProcessMemory or WriteProcessMemory request was completed. (0x12B)
[0629/135725.286:WARNING:pe_image_reader.cc(340)] could not read dos header from C:\WINDOWS\System32\RPCRT4.dll
[0629/135725.286:ERROR:process_memory_win.cc(73)] ReadMemory at 0x7ff8d10d0000 of 64 bytes failed: Only part of a ReadProcessMemory or WriteProcessMemory request was completed. (0x12B)
[0629/135725.286:WARNING:pe_image_reader.cc(340)] could not read dos header from C:\Program Files (x86)\Google\Chrome\Application\83.0.4103.116\chrome.dll
[0629/135725.286:ERROR:process_memory_win.cc(73)] ReadMemory at 0x7ff917350000 of 64 bytes failed: Only part of a ReadProcessMemory or WriteProcessMemory request was completed. (0x12B)
[0629/135725.286:WARNING:pe_image_reader.cc(340)] could not read dos header from C:\WINDOWS\System32\WS2_32.dll
[0629/135725.286:ERROR:process_memory_win.cc(73)] ReadMemory at 0x7ff917210000 of 64 bytes failed: Only part of a ReadProcessMemory or WriteProcessMemory request was completed. (0x12B)
[0629/135725.286:WARNING:pe_image_reader.cc(340)] could not read dos header from C:\WINDOWS\System32\OLEAUT32.dll
[0629/135725.286:ERROR:process_memory_win.cc(73)] ReadMemory at 0x7ff915040000 of 64 bytes failed: Only part of a ReadProcessMemory or WriteProcessMemory request was completed. (0x12B)
[0629/135725.286:WARNING:pe_image_reader.cc(340)] could not read dos header from C:\WINDOWS\System32\msvcp_win.dll
[0629/135725.286:ERROR:process_memory_win.cc(73)] ReadMemory at 0x7ff9149f0000 of 64 bytes failed: Only part of a ReadProcessMemory or WriteProcessMemory request was completed. (0x12B)
[0629/135725.286:WARNING:pe_image_reader.cc(340)] could not read dos header from C:\WINDOWS\System32\ucrtbase.dll
[0629/135725.286:ERROR:process_memory_win.cc(73)] ReadMemory at 0x7ff9164e0000 of 64 bytes failed: Only part of a ReadProcessMemory or WriteProcessMemory request was completed. (0x12B)
[0629/135725.286:WARNING:pe_image_reader.cc(340)] could not read dos header from C:\WINDOWS\System32\combase.dll
[0629/135725.286:ERROR:process_memory_win.cc(73)] ReadMemory at 0x7ff915940000 of 64 bytes failed: Only part of a ReadProcessMemory or WriteProcessMemory request was completed. (0x12B)
[0629/135725.286:WARNING:pe_image_reader.cc(340)] could not read dos header from C:\WINDOWS\System32\WINTRUST.dll
[0629/135725.286:ERROR:process_memory_win.cc(73)] ReadMemory at 0x7ff914910000 of 64 bytes failed: Only part of a ReadProcessMemory or WriteProcessMemory request was completed. (0x12B)
[0629/135725.286:WARNING:pe_image_reader.cc(340)] could not read dos header from C:\WINDOWS\System32\MSASN1.dll
[0629/135725.286:ERROR:process_memory_win.cc(73)] ReadMemory at 0x7ff9159a0000 of 64 bytes failed: Only part of a ReadProcessMemory or WriteProcessMemory request was completed. (0x12B)
[0629/135725.286:WARNING:pe_image_reader.cc(340)] could not read dos header from C:\WINDOWS\System32\CRYPT32.dll
[0629/135725.286:ERROR:process_memory_win.cc(73)] ReadMemory at 0x7ff913e80000 of 64 bytes failed: Only part of a ReadProcessMemory or WriteProcessMemory request was completed. (0x12B)
[0629/135725.286:WARNING:pe_image_reader.cc(340)] could not read dos header from C:\WINDOWS\SYSTEM32\IPHLPAPI.DLL
[0629/135725.286:ERROR:process_memory_win.cc(73)] ReadMemory at 0x7ff912720000 of 64 bytes failed: Only part of a ReadProcessMemory or WriteProcessMemory request was completed. (0x12B)
[0629/135725.286:WARNING:pe_image_reader.cc(340)] could not read dos header from C:\WINDOWS\SYSTEM32\WINMM.dll
[0629/135725.286:ERROR:process_memory_win.cc(73)] ReadMemory at 0x7ff902ff0000 of 64 bytes failed: Only part of a ReadProcessMemory or WriteProcessMemory request was completed. (0x12B)
[0629/135725.286:WARNING:pe_image_reader.cc(340)] could not read dos header from C:\WINDOWS\SYSTEM32\Secur32.dll
[0629/135725.286:ERROR:process_memory_win.cc(73)] ReadMemory at 0x7ff914820000 of 64 bytes failed: Only part of a ReadProcessMemory or WriteProcessMemory request was completed. (0x12B)
[0629/135725.286:WARNING:pe_image_reader.cc(340)] could not read dos header from C:\WINDOWS\SYSTEM32\USERENV.dll
[0629/135725.286:ERROR:process_memory_win.cc(73)] ReadMemory at 0x7ff914980000 of 64 bytes failed: Only part of a ReadProcessMemory or WriteProcessMemory request was completed. (0x12B)
[0629/135725.286:WARNING:pe_image_reader.cc(340)] could not read dos header from C:\WINDOWS\System32\profapi.dll
[0629/135725.286:ERROR:process_memory_win.cc(73)] ReadMemory at 0x7ff8fb650000 of 64 bytes failed: Only part of a ReadProcessMemory or WriteProcessMemory request was completed. (0x12B)
[0629/135725.286:WARNING:pe_image_reader.cc(340)] could not read dos header from C:\WINDOWS\SYSTEM32\UIAutomationCore.DLL
[0629/135725.286:ERROR:process_memory_win.cc(73)] ReadMemory at 0x7ff8fec50000 of 64 bytes failed: Only part of a ReadProcessMemory or WriteProcessMemory request was completed. (0x12B)
[0629/135725.286:WARNING:pe_image_reader.cc(340)] could not read dos header from C:\WINDOWS\SYSTEM32\DWrite.dll
[0629/135725.286:ERROR:process_memory_win.cc(73)] ReadMemory at 0x7ff90b7f0000 of 64 bytes failed: Only part of a ReadProcessMemory or WriteProcessMemory request was completed. (0x12B)
[0629/135725.287:WARNING:pe_image_reader.cc(340)] could not read dos header from C:\WINDOWS\SYSTEM32\WINSPOOL.DRV
[0629/135725.287:ERROR:process_memory_win.cc(73)] ReadMemory at 0x7ff9149b0000 of 64 bytes failed: Only part of a ReadProcessMemory or WriteProcessMemory request was completed. (0x12B)
[0629/135725.287:WARNING:pe_image_reader.cc(340)] could not read dos header from C:\WINDOWS\System32\kernel.appcore.dll
[0629/135725.287:ERROR:process_memory_win.cc(73)] ReadMemory at 0x7ff915860000 of 64 bytes failed: Only part of a ReadProcessMemory or WriteProcessMemory request was completed. (0x12B)
[0629/135725.287:WARNING:pe_image_reader.cc(340)] could not read dos header from C:\WINDOWS\System32\bcrypt.dll
[0629/135725.287:ERROR:process_memory_win.cc(73)] ReadMemory at 0x7ff913010000 of 64 bytes failed: Only part of a ReadProcessMemory or WriteProcessMemory request was completed. (0x12B)
[0629/135725.287:WARNING:pe_image_reader.cc(340)] could not read dos header from C:\WINDOWS\SYSTEM32\dbghelp.dll
[0629/135725.287:ERROR:process_memory_win.cc(73)] ReadMemory at 0x7ff90c570000 of 64 bytes failed: Only part of a ReadProcessMemory or WriteProcessMemory request was completed. (0x12B)
[0629/135725.287:WARNING:pe_image_reader.cc(340)] could not read dos header from C:\WINDOWS\SYSTEM32\WINHTTP.dll
[0629/135725.287:ERROR:process_memory_win.cc(73)] ReadMemory at 0x7ff90ee80000 of 64 bytes failed: Only part of a ReadProcessMemory or WriteProcessMemory request was completed. (0x12B)
[0629/135725.287:WARNING:pe_image_reader.cc(340)] could not read dos header from C:\WINDOWS\SYSTEM32\dhcpcsvc.DLL
[0629/135725.287:ERROR:process_memory_win.cc(73)] ReadMemory at 0x7ff9172e0000 of 64 bytes failed: Only part of a ReadProcessMemory or WriteProcessMemory request was completed. (0x12B)
[0629/135725.287:WARNING:pe_image_reader.cc(340)] could not read dos header from C:\WINDOWS\System32\NSI.dll
[0629/135725.287:ERROR:process_memory_win.cc(73)] ReadMemory at 0x7ff9126f0000 of 64 bytes failed: Only part of a ReadProcessMemory or WriteProcessMemory request was completed. (0x12B)
[0629/135725.287:WARNING:pe_image_reader.cc(340)] could not read dos header from C:\WINDOWS\SYSTEM32\WINMMBASE.dll
[0629/135725.287:ERROR:process_memory_win.cc(73)] ReadMemory at 0x7ff914e50000 of 64 bytes failed: Only part of a ReadProcessMemory or WriteProcessMemory request was completed. (0x12B)
[0629/135725.287:WARNING:pe_image_reader.cc(340)] could not read dos header from C:\WINDOWS\System32\cfgmgr32.dll
[0629/135725.287:ERROR:process_memory_win.cc(73)] ReadMemory at 0x7ff910db0000 of 64 bytes failed: Only part of a ReadProcessMemory or WriteProcessMemory request was completed. (0x12B)
[0629/135725.287:WARNING:pe_image_reader.cc(340)] could not read dos header from C:\WINDOWS\SYSTEM32\PROPSYS.dll
[0629/135725.287:ERROR:process_memory_win.cc(73)] ReadMemory at 0x7ff9168a0000 of 64 bytes failed: Only part of a ReadProcessMemory or WriteProcessMemory request was completed. (0x12B)
[0629/135725.287:WARNING:pe_image_reader.cc(340)] could not read dos header from C:\WINDOWS\System32\shcore.dll
[0629/135725.287:ERROR:process_memory_win.cc(73)] ReadMemory at 0x7ff9147f0000 of 64 bytes failed: Only part of a ReadProcessMemory or WriteProcessMemory request was completed. (0x12B)
[0629/135725.287:WARNING:pe_image_reader.cc(340)] could not read dos header from C:\WINDOWS\SYSTEM32\SSPICLI.DLL
[0629/135725.287:ERROR:process_memory_win.cc(73)] ReadMemory at 0x7ff914340000 of 64 bytes failed: Only part of a ReadProcessMemory or WriteProcessMemory request was completed. (0x12B)
[0629/135725.287:WARNING:pe_image_reader.cc(340)] could not read dos header from C:\WINDOWS\SYSTEM32\CRYPTBASE.DLL
[0629/135725.668:ERROR:process_memory_win.cc(73)] ReadMemory at 0x7ff719600000 of 64 bytes failed: Only part of a ReadProcessMemory or WriteProcessMemory request was completed. (0x12B)
[0629/135725.668:WARNING:pe_image_reader.cc(340)] could not read dos header from C:\Program Files (x86)\Google\Chrome\Application\chrome.exe
[0629/135725.668:ERROR:process_memory_win.cc(73)] ReadMemory at 0x7ff917a40000 of 64 bytes failed: Only part of a ReadProcessMemory or WriteProcessMemory request was completed. (0x12B)
[0629/135725.668:WARNING:pe_image_reader.cc(340)] could not read dos header from C:\WINDOWS\SYSTEM32\ntdll.dll
[0629/135725.668:ERROR:process_memory_win.cc(73)] ReadMemory at 0x7ff916410000 of 64 bytes failed: Only part of a ReadProcessMemory or WriteProcessMemory request was completed. (0x12B)
[0629/135725.668:WARNING:pe_image_reader.cc(340)] could not read dos header from C:\WINDOWS\System32\KERNEL32.DLL
[0629/135725.668:ERROR:process_memory_win.cc(73)] ReadMemory at 0x7ff914b70000 of 64 bytes failed: Only part of a ReadProcessMemory or WriteProcessMemory request was completed. (0x12B)
[0629/135725.668:WARNING:pe_image_reader.cc(340)] could not read dos header from C:\WINDOWS\System32\KERNELBASE.dll
[0629/135725.668:ERROR:process_memory_win.cc(73)] ReadMemory at 0x7ff907920000 of 64 bytes failed: Only part of a ReadProcessMemory or WriteProcessMemory request was completed. (0x12B)
[0629/135725.668:WARNING:pe_image_reader.cc(340)] could not read dos header from C:\Program Files (x86)\Google\Chrome\Application\83.0.4103.116\chrome_elf.dll
[0629/135725.668:ERROR:process_memory_win.cc(73)] ReadMemory at 0x7ff90ba40000 of 64 bytes failed: Only part of a ReadProcessMemory or WriteProcessMemory request was completed. (0x12B)
[0629/135725.668:WARNING:pe_image_reader.cc(340)] could not read dos header from C:\WINDOWS\SYSTEM32\VERSION.dll
[0629/135725.668:ERROR:process_memory_win.cc(73)] ReadMemory at 0x7ff917170000 of 64 bytes failed: Only part of a ReadProcessMemory or WriteProcessMemory request was completed. (0x12B)
[0629/135725.668:WARNING:pe_image_reader.cc(340)] could not read dos header from C:\WINDOWS\System32\msvcrt.dll
[0629/135725.669:ERROR:process_memory_win.cc(73)] ReadMemory at 0x7ff914af0000 of 64 bytes failed: Only part of a ReadProcessMemory or WriteProcessMemory request was completed. (0x12B)
[0629/135725.669:WARNING:pe_image_reader.cc(340)] could not read dos header from C:\WINDOWS\System32\bcryptPrimitives.dll
[0629/135725.669:ERROR:process_memory_win.cc(73)] ReadMemory at 0x7ff916300000 of 64 bytes failed: Only part of a ReadProcessMemory or WriteProcessMemory request was completed. (0x12B)
[0629/135725.669:WARNING:pe_image_reader.cc(340)] could not read dos header from C:\WINDOWS\System32\ADVAPI32.dll
[0629/135725.669:ERROR:process_memory_win.cc(73)] ReadMemory at 0x7ff915b00000 of 64 bytes failed: Only part of a ReadProcessMemory or WriteProcessMemory request was completed. (0x12B)
[0629/135725.669:WARNING:pe_image_reader.cc(340)] could not read dos header from C:\WINDOWS\System32\sechost.dll
[0629/135725.669:ERROR:process_memory_win.cc(73)] ReadMemory at 0x7ff9173c0000 of 64 bytes failed: Only part of a ReadProcessMemory or WriteProcessMemory request was completed. (0x12B)
[0629/135725.669:WARNING:pe_image_reader.cc(340)] could not read dos header from C:\WINDOWS\System32\RPCRT4.dll
[0629/135725.669:ERROR:process_memory_win.cc(73)] ReadMemory at 0x7ff8d10d0000 of 64 bytes failed: Only part of a ReadProcessMemory or WriteProcessMemory request was completed. (0x12B)
[0629/135725.669:WARNING:pe_image_reader.cc(340)] could not read dos header from C:\Program Files (x86)\Google\Chrome\Application\83.0.4103.116\chrome.dll
[0629/135725.669:ERROR:process_memory_win.cc(73)] ReadMemory at 0x7ff917350000 of 64 bytes failed: Only part of a ReadProcessMemory or WriteProcessMemory request was completed. (0x12B)
[0629/135725.669:WARNING:pe_image_reader.cc(340)] could not read dos header from C:\WINDOWS\System32\WS2_32.dll
[0629/135725.669:ERROR:process_memory_win.cc(73)] ReadMemory at 0x7ff917210000 of 64 bytes failed: Only part of a ReadProcessMemory or WriteProcessMemory request was completed. (0x12B)
[0629/135725.669:WARNING:pe_image_reader.cc(340)] could not read dos header from C:\WINDOWS\System32\OLEAUT32.dll
[0629/135725.669:ERROR:process_memory_win.cc(73)] ReadMemory at 0x7ff915040000 of 64 bytes failed: Only part of a ReadProcessMemory or WriteProcessMemory request was completed. (0x12B)
[0629/135725.669:WARNING:pe_image_reader.cc(340)] could not read dos header from C:\WINDOWS\System32\msvcp_win.dll
[0629/135725.669:ERROR:process_memory_win.cc(73)] ReadMemory at 0x7ff9149f0000 of 64 bytes failed: Only part of a ReadProcessMemory or WriteProcessMemory request was completed. (0x12B)
[0629/135725.669:WARNING:pe_image_reader.cc(340)] could not read dos header from C:\WINDOWS\System32\ucrtbase.dll
[0629/135725.669:ERROR:process_memory_win.cc(73)] ReadMemory at 0x7ff9164e0000 of 64 bytes failed: Only part of a ReadProcessMemory or WriteProcessMemory request was completed. (0x12B)
[0629/135725.669:WARNING:pe_image_reader.cc(340)] could not read dos header from C:\WINDOWS\System32\combase.dll
[0629/135725.669:ERROR:process_memory_win.cc(73)] ReadMemory at 0x7ff915940000 of 64 bytes failed: Only part of a ReadProcessMemory or WriteProcessMemory request was completed. (0x12B)
[0629/135725.669:WARNING:pe_image_reader.cc(340)] could not read dos header from C:\WINDOWS\System32\WINTRUST.dll
[0629/135725.669:ERROR:process_memory_win.cc(73)] ReadMemory at 0x7ff914910000 of 64 bytes failed: Only part of a ReadProcessMemory or WriteProcessMemory request was completed. (0x12B)
[0629/135725.669:WARNING:pe_image_reader.cc(340)] could not read dos header from C:\WINDOWS\System32\MSASN1.dll
[0629/135725.669:ERROR:process_memory_win.cc(73)] ReadMemory at 0x7ff9159a0000 of 64 bytes failed: Only part of a ReadProcessMemory or WriteProcessMemory request was completed. (0x12B)
[0629/135725.669:WARNING:pe_image_reader.cc(340)] could not read dos header from C:\WINDOWS\System32\CRYPT32.dll
[0629/135725.669:ERROR:process_memory_win.cc(73)] ReadMemory at 0x7ff913e80000 of 64 bytes failed: Only part of a ReadProcessMemory or WriteProcessMemory request was completed. (0x12B)
[0629/135725.669:WARNING:pe_image_reader.cc(340)] could not read dos header from C:\WINDOWS\SYSTEM32\IPHLPAPI.DLL
[0629/135725.669:ERROR:process_memory_win.cc(73)] ReadMemory at 0x7ff912720000 of 64 bytes failed: Only part of a ReadProcessMemory or WriteProcessMemory request was completed. (0x12B)
[0629/135725.669:WARNING:pe_image_reader.cc(340)] could not read dos header from C:\WINDOWS\SYSTEM32\WINMM.dll
[0629/135725.669:ERROR:process_memory_win.cc(73)] ReadMemory at 0x7ff902ff0000 of 64 bytes failed: Only part of a ReadProcessMemory or WriteProcessMemory request was completed. (0x12B)
[0629/135725.669:WARNING:pe_image_reader.cc(340)] could not read dos header from C:\WINDOWS\SYSTEM32\Secur32.dll
[0629/135725.669:ERROR:process_memory_win.cc(73)] ReadMemory at 0x7ff914820000 of 64 bytes failed: Only part of a ReadProcessMemory or WriteProcessMemory request was completed. (0x12B)
[0629/135725.669:WARNING:pe_image_reader.cc(340)] could not read dos header from C:\WINDOWS\SYSTEM32\USERENV.dll
[0629/135725.669:ERROR:process_memory_win.cc(73)] ReadMemory at 0x7ff914980000 of 64 bytes failed: Only part of a ReadProcessMemory or WriteProcessMemory request was completed. (0x12B)
[0629/135725.669:WARNING:pe_image_reader.cc(340)] could not read dos header from C:\WINDOWS\System32\profapi.dll
[0629/135725.669:ERROR:process_memory_win.cc(73)] ReadMemory at 0x7ff8fb650000 of 64 bytes failed: Only part of a ReadProcessMemory or WriteProcessMemory request was completed. (0x12B)
[0629/135725.669:WARNING:pe_image_reader.cc(340)] could not read dos header from C:\WINDOWS\SYSTEM32\UIAutomationCore.DLL
[0629/135725.669:ERROR:process_memory_win.cc(73)] ReadMemory at 0x7ff8fec50000 of 64 bytes failed: Only part of a ReadProcessMemory or WriteProcessMemory request was completed. (0x12B)
[0629/135725.669:WARNING:pe_image_reader.cc(340)] could not read dos header from C:\WINDOWS\SYSTEM32\DWrite.dll
[0629/135725.669:ERROR:process_memory_win.cc(73)] ReadMemory at 0x7ff90b7f0000 of 64 bytes failed: Only part of a ReadProcessMemory or WriteProcessMemory request was completed. (0x12B)
[0629/135725.669:WARNING:pe_image_reader.cc(340)] could not read dos header from C:\WINDOWS\SYSTEM32\WINSPOOL.DRV
[0629/135725.857:ERROR:process_memory_win.cc(73)] ReadMemory at 0x7ff9149b0000 of 64 bytes failed: Only part of a ReadProcessMemory or WriteProcessMemory request was completed. (0x12B)
[0629/135725.857:WARNING:pe_image_reader.cc(340)] could not read dos header from C:\WINDOWS\System32\kernel.appcore.dll
[0629/135725.857:ERROR:process_memory_win.cc(73)] ReadMemory at 0x7ff915860000 of 64 bytes failed: Only part of a ReadProcessMemory or WriteProcessMemory request was completed. (0x12B)
[0629/135725.857:WARNING:pe_image_reader.cc(340)] could not read dos header from C:\WINDOWS\System32\bcrypt.dll
[0629/135725.857:ERROR:process_memory_win.cc(73)] ReadMemory at 0x7ff913010000 of 64 bytes failed: Only part of a ReadProcessMemory or WriteProcessMemory request was completed. (0x12B)
[0629/135725.857:WARNING:pe_image_reader.cc(340)] could not read dos header from C:\WINDOWS\SYSTEM32\dbghelp.dll
[0629/135725.857:ERROR:process_memory_win.cc(73)] ReadMemory at 0x7ff90c570000 of 64 bytes failed: Only part of a ReadProcessMemory or WriteProcessMemory request was completed. (0x12B)
[0629/135725.857:WARNING:pe_image_reader.cc(340)] could not read dos header from C:\WINDOWS\SYSTEM32\WINHTTP.dll
[0629/135725.857:ERROR:process_memory_win.cc(73)] ReadMemory at 0x7ff90ee80000 of 64 bytes failed: Only part of a ReadProcessMemory or WriteProcessMemory request was completed. (0x12B)
[0629/135725.857:WARNING:pe_image_reader.cc(340)] could not read dos header from C:\WINDOWS\SYSTEM32\dhcpcsvc.DLL
[0629/135725.857:ERROR:process_memory_win.cc(73)] ReadMemory at 0x7ff9172e0000 of 64 bytes failed: Only part of a ReadProcessMemory or WriteProcessMemory request was completed. (0x12B)
[0629/135725.857:WARNING:pe_image_reader.cc(340)] could not read dos header from C:\WINDOWS\System32\NSI.dll
[0629/135725.857:ERROR:process_memory_win.cc(73)] ReadMemory at 0x7ff9126f0000 of 64 bytes failed: Only part of a ReadProcessMemory or WriteProcessMemory request was completed. (0x12B)
[0629/135725.857:WARNING:pe_image_reader.cc(340)] could not read dos header from C:\WINDOWS\SYSTEM32\WINMMBASE.dll
[0629/135725.857:ERROR:process_memory_win.cc(73)] ReadMemory at 0x7ff914e50000 of 64 bytes failed: Only part of a ReadProcessMemory or WriteProcessMemory request was completed. (0x12B)
[0629/135725.857:WARNING:pe_image_reader.cc(340)] could not read dos header from C:\WINDOWS\System32\cfgmgr32.dll
[0629/135725.857:ERROR:process_memory_win.cc(73)] ReadMemory at 0x7ff910db0000 of 64 bytes failed: Only part of a ReadProcessMemory or WriteProcessMemory request was completed. (0x12B)
[0629/135725.857:WARNING:pe_image_reader.cc(340)] could not read dos header from C:\WINDOWS\SYSTEM32\PROPSYS.dll
[0629/135725.857:ERROR:process_memory_win.cc(73)] ReadMemory at 0x7ff9168a0000 of 64 bytes failed: Only part of a ReadProcessMemory or WriteProcessMemory request was completed. (0x12B)
[0629/135725.857:WARNING:pe_image_reader.cc(340)] could not read dos header from C:\WINDOWS\System32\shcore.dll
[0629/135725.857:ERROR:process_memory_win.cc(73)] ReadMemory at 0x7ff9147f0000 of 64 bytes failed: Only part of a ReadProcessMemory or WriteProcessMemory request was completed. (0x12B)
[0629/135725.857:WARNING:pe_image_reader.cc(340)] could not read dos header from C:\WINDOWS\SYSTEM32\SSPICLI.DLL
[0629/135725.858:ERROR:process_memory_win.cc(73)] ReadMemory at 0x7ff914340000 of 64 bytes failed: Only part of a ReadProcessMemory or WriteProcessMemory request was completed. (0x12B)
[0629/135725.858:WARNING:pe_image_reader.cc(340)] could not read dos header from C:\WINDOWS\SYSTEM32\CRYPTBASE.DLL
[0629/135725.858:ERROR:process_memory_win.cc(73)] ReadMemory at 0x7ff719600000 of 64 bytes failed: Only part of a ReadProcessMemory or WriteProcessMemory request was completed. (0x12B)
[0629/135725.858:WARNING:pe_image_reader.cc(340)] could not read dos header from C:\Program Files (x86)\Google\Chrome\Application\chrome.exe
[0629/135725.858:ERROR:process_memory_win.cc(73)] ReadMemory at 0x7ff917a40000 of 64 bytes failed: Only part of a ReadProcessMemory or WriteProcessMemory request was completed. (0x12B)
[0629/135725.858:WARNING:pe_image_reader.cc(340)] could not read dos header from C:\WINDOWS\SYSTEM32\ntdll.dll
[0629/135725.858:ERROR:process_memory_win.cc(73)] ReadMemory at 0x7ff916410000 of 64 bytes failed: Only part of a ReadProcessMemory or WriteProcessMemory request was completed. (0x12B)
[0629/135725.858:WARNING:pe_image_reader.cc(340)] could not read dos header from C:\WINDOWS\System32\KERNEL32.DLL
[0629/135725.858:ERROR:process_memory_win.cc(73)] ReadMemory at 0x7ff914b70000 of 64 bytes failed: Only part of a ReadProcessMemory or WriteProcessMemory request was completed. (0x12B)
[0629/135725.858:WARNING:pe_image_reader.cc(340)] could not read dos header from C:\WINDOWS\System32\KERNELBASE.dll
[0629/135725.858:ERROR:process_memory_win.cc(73)] ReadMemory at 0x7ff907920000 of 64 bytes failed: Only part of a ReadProcessMemory or WriteProcessMemory request was completed. (0x12B)
[0629/135725.858:WARNING:pe_image_reader.cc(340)] could not read dos header from C:\Program Files (x86)\Google\Chrome\Application\83.0.4103.116\chrome_elf.dll
[0629/135725.858:ERROR:process_memory_win.cc(73)] ReadMemory at 0x7ff90ba40000 of 64 bytes failed: Only part of a ReadProcessMemory or WriteProcessMemory request was completed. (0x12B)
[0629/135725.858:WARNING:pe_image_reader.cc(340)] could not read dos header from C:\WINDOWS\SYSTEM32\VERSION.dll
[0629/135725.858:ERROR:process_memory_win.cc(73)] ReadMemory at 0x7ff917170000 of 64 bytes failed: Only part of a ReadProcessMemory or WriteProcessMemory request was completed. (0x12B)
[0629/135725.858:WARNING:pe_image_reader.cc(340)] could not read dos header from C:\WINDOWS\System32\msvcrt.dll
[0629/135725.858:ERROR:process_memory_win.cc(73)] ReadMemory at 0x7ff914af0000 of 64 bytes failed: Only part of a ReadProcessMemory or WriteProcessMemory request was completed. (0x12B)
[0629/135725.858:WARNING:pe_image_reader.cc(340)] could not read dos header from C:\WINDOWS\System32\bcryptPrimitives.dll
[0629/135725.858:ERROR:process_memory_win.cc(73)] ReadMemory at 0x7ff916300000 of 64 bytes failed: Only part of a ReadProcessMemory or WriteProcessMemory request was completed. (0x12B)
[0629/135725.858:WARNING:pe_image_reader.cc(340)] could not read dos header from C:\WINDOWS\System32\ADVAPI32.dll
[0629/135725.858:ERROR:process_memory_win.cc(73)] ReadMemory at 0x7ff915b00000 of 64 bytes failed: Only part of a ReadProcessMemory or WriteProcessMemory request was completed. (0x12B)
[0629/135725.858:WARNING:pe_image_reader.cc(340)] could not read dos header from C:\WINDOWS\System32\sechost.dll
[0629/135725.858:ERROR:process_memory_win.cc(73)] ReadMemory at 0x7ff9173c0000 of 64 bytes failed: Only part of a ReadProcessMemory or WriteProcessMemory request was completed. (0x12B)
[0629/135725.858:WARNING:pe_image_reader.cc(340)] could not read dos header from C:\WINDOWS\System32\RPCRT4.dll
[0629/135725.858:ERROR:process_memory_win.cc(73)] ReadMemory at 0x7ff8d10d0000 of 64 bytes failed: Only part of a ReadProcessMemory or WriteProcessMemory request was completed. (0x12B)
[0629/135725.858:WARNING:pe_image_reader.cc(340)] could not read dos header from C:\Program Files (x86)\Google\Chrome\Application\83.0.4103.116\chrome.dll
[0629/135725.858:ERROR:process_memory_win.cc(73)] ReadMemory at 0x7ff917350000 of 64 bytes failed: Only part of a ReadProcessMemory or WriteProcessMemory request was completed. (0x12B)
[0629/135725.858:WARNING:pe_image_reader.cc(340)] could not read dos header from C:\WINDOWS\System32\WS2_32.dll
[0629/135725.858:ERROR:process_memory_win.cc(73)] ReadMemory at 0x7ff917210000 of 64 bytes failed: Only part of a ReadProcessMemory or WriteProcessMemory request was completed. (0x12B)
[0629/135725.858:WARNING:pe_image_reader.cc(340)] could not read dos header from C:\WINDOWS\System32\OLEAUT32.dll
[0629/135725.858:ERROR:process_memory_win.cc(73)] ReadMemory at 0x7ff915040000 of 64 bytes failed: Only part of a ReadProcessMemory or WriteProcessMemory request was completed. (0x12B)
[0629/135725.858:WARNING:pe_image_reader.cc(340)] could not read dos header from C:\WINDOWS\System32\msvcp_win.dll
[0629/135725.858:ERROR:process_memory_win.cc(73)] ReadMemory at 0x7ff9149f0000 of 64 bytes failed: Only part of a ReadProcessMemory or WriteProcessMemory request was completed. (0x12B)
[0629/135725.858:WARNING:pe_image_reader.cc(340)] could not read dos header from C:\WINDOWS\System32\ucrtbase.dll
[0629/135725.858:ERROR:process_memory_win.cc(73)] ReadMemory at 0x7ff9164e0000 of 64 bytes failed: Only part of a ReadProcessMemory or WriteProcessMemory request was completed. (0x12B)
[0629/135725.858:WARNING:pe_image_reader.cc(340)] could not read dos header from C:\WINDOWS\System32\combase.dll
[0629/135725.858:ERROR:process_memory_win.cc(73)] ReadMemory at 0x7ff915940000 of 64 bytes failed: Only part of a ReadProcessMemory or WriteProcessMemory request was completed. (0x12B)
[0629/135725.858:WARNING:pe_image_reader.cc(340)] could not read dos header from C:\WINDOWS\System32\WINTRUST.dll
[0629/135725.858:ERROR:process_memory_win.cc(73)] ReadMemory at 0x7ff914910000 of 64 bytes failed: Only part of a ReadProcessMemory or WriteProcessMemory request was completed. (0x12B)
[0629/135725.858:WARNING:pe_image_reader.cc(340)] could not read dos header from C:\WINDOWS\System32\MSASN1.dll
[0629/135725.858:ERROR:process_memory_win.cc(73)] ReadMemory at 0x7ff9159a0000 of 64 bytes failed: Only part of a ReadProcessMemory or WriteProcessMemory request was completed. (0x12B)
[0629/135725.858:WARNING:pe_image_reader.cc(340)] could not read dos header from C:\WINDOWS\System32\CRYPT32.dll
[0629/135725.858:ERROR:process_memory_win.cc(73)] ReadMemory at 0x7ff913e80000 of 64 bytes failed: Only part of a ReadProcessMemory or WriteProcessMemory request was completed. (0x12B)
[0629/135725.859:WARNING:pe_image_reader.cc(340)] could not read dos header from C:\WINDOWS\SYSTEM32\IPHLPAPI.DLL
[0629/135725.859:ERROR:process_memory_win.cc(73)] ReadMemory at 0x7ff912720000 of 64 bytes failed: Only part of a ReadProcessMemory or WriteProcessMemory request was completed. (0x12B)
[0629/135725.859:WARNING:pe_image_reader.cc(340)] could not read dos header from C:\WINDOWS\SYSTEM32\WINMM.dll
[0629/135725.859:ERROR:process_memory_win.cc(73)] ReadMemory at 0x7ff902ff0000 of 64 bytes failed: Only part of a ReadProcessMemory or WriteProcessMemory request was completed. (0x12B)
[0629/135725.859:WARNING:pe_image_reader.cc(340)] could not read dos header from C:\WINDOWS\SYSTEM32\Secur32.dll
[0629/135725.859:ERROR:process_memory_win.cc(73)] ReadMemory at 0x7ff914820000 of 64 bytes failed: Only part of a ReadProcessMemory or WriteProcessMemory request was completed. (0x12B)
[0629/135725.859:WARNING:pe_image_reader.cc(340)] could not read dos header from C:\WINDOWS\SYSTEM32\USERENV.dll
[0629/135725.859:ERROR:process_memory_win.cc(73)] ReadMemory at 0x7ff914980000 of 64 bytes failed: Only part of a ReadProcessMemory or WriteProcessMemory request was completed. (0x12B)
[0629/135725.859:WARNING:pe_image_reader.cc(340)] could not read dos header from C:\WINDOWS\System32\profapi.dll
[0629/135725.859:ERROR:process_memory_win.cc(73)] ReadMemory at 0x7ff8fb650000 of 64 bytes failed: Only part of a ReadProcessMemory or WriteProcessMemory request was completed. (0x12B)
[0629/135725.859:WARNING:pe_image_reader.cc(340)] could not read dos header from C:\WINDOWS\SYSTEM32\UIAutomationCore.DLL
[0629/135725.859:ERROR:process_memory_win.cc(73)] ReadMemory at 0x7ff8fec50000 of 64 bytes failed: Only part of a ReadProcessMemory or WriteProcessMemory request was completed. (0x12B)
[0629/135725.859:WARNING:pe_image_reader.cc(340)] could not read dos header from C:\WINDOWS\SYSTEM32\DWrite.dll
[0629/135725.859:ERROR:process_memory_win.cc(73)] ReadMemory at 0x7ff90b7f0000 of 64 bytes failed: Only part of a ReadProcessMemory or WriteProcessMemory request was completed. (0x12B)
[0629/135725.859:WARNING:pe_image_reader.cc(340)] could not read dos header from C:\WINDOWS\SYSTEM32\WINSPOOL.DRV
[0629/135725.859:ERROR:process_memory_win.cc(73)] ReadMemory at 0x7ff9149b0000 of 64 bytes failed: Only part of a ReadProcessMemory or WriteProcessMemory request was completed. (0x12B)
[0629/135725.859:WARNING:pe_image_reader.cc(340)] could not read dos header from C:\WINDOWS\System32\kernel.appcore.dll
[0629/135725.859:ERROR:process_memory_win.cc(73)] ReadMemory at 0x7ff915860000 of 64 bytes failed: Only part of a ReadProcessMemory or WriteProcessMemory request was completed. (0x12B)
[0629/135725.859:WARNING:pe_image_reader.cc(340)] could not read dos header from C:\WINDOWS\System32\bcrypt.dll
[0629/135725.859:ERROR:process_memory_win.cc(73)] ReadMemory at 0x7ff913010000 of 64 bytes failed: Only part of a ReadProcessMemory or WriteProcessMemory request was completed. (0x12B)
[0629/135725.859:WARNING:pe_image_reader.cc(340)] could not read dos header from C:\WINDOWS\SYSTEM32\dbghelp.dll
[0629/135725.859:ERROR:process_memory_win.cc(73)] ReadMemory at 0x7ff90c570000 of 64 bytes failed: Only part of a ReadProcessMemory or WriteProcessMemory request was completed. (0x12B)
[0629/135725.859:WARNING:pe_image_reader.cc(340)] could not read dos header from C:\WINDOWS\SYSTEM32\WINHTTP.dll
[0629/135725.859:ERROR:process_memory_win.cc(73)] ReadMemory at 0x7ff90ee80000 of 64 bytes failed: Only part of a ReadProcessMemory or WriteProcessMemory request was completed. (0x12B)
[0629/135725.859:WARNING:pe_image_reader.cc(340)] could not read dos header from C:\WINDOWS\SYSTEM32\dhcpcsvc.DLL
[0629/135725.859:ERROR:process_memory_win.cc(73)] ReadMemory at 0x7ff9172e0000 of 64 bytes failed: Only part of a ReadProcessMemory or WriteProcessMemory request was completed. (0x12B)
[0629/135725.859:WARNING:pe_image_reader.cc(340)] could not read dos header from C:\WINDOWS\System32\NSI.dll
[0629/135725.859:ERROR:process_memory_win.cc(73)] ReadMemory at 0x7ff9126f0000 of 64 bytes failed: Only part of a ReadProcessMemory or WriteProcessMemory request was completed. (0x12B)
[0629/135725.859:WARNING:pe_image_reader.cc(340)] could not read dos header from C:\WINDOWS\SYSTEM32\WINMMBASE.dll
[0629/135725.859:ERROR:process_memory_win.cc(73)] ReadMemory at 0x7ff914e50000 of 64 bytes failed: Only part of a ReadProcessMemory or WriteProcessMemory request was completed. (0x12B)
[0629/135725.859:WARNING:pe_image_reader.cc(340)] could not read dos header from C:\WINDOWS\System32\cfgmgr32.dll
[0629/135725.859:ERROR:process_memory_win.cc(73)] ReadMemory at 0x7ff910db0000 of 64 bytes failed: Only part of a ReadProcessMemory or WriteProcessMemory request was completed. (0x12B)
[0629/135725.859:WARNING:pe_image_reader.cc(340)] could not read dos header from C:\WINDOWS\SYSTEM32\PROPSYS.dll
[0629/135725.859:ERROR:process_memory_win.cc(73)] ReadMemory at 0x7ff9168a0000 of 64 bytes failed: Only part of a ReadProcessMemory or WriteProcessMemory request was completed. (0x12B)
[0629/135725.859:WARNING:pe_image_reader.cc(340)] could not read dos header from C:\WINDOWS\System32\shcore.dll
[0629/135725.859:ERROR:process_memory_win.cc(73)] ReadMemory at 0x7ff9147f0000 of 64 bytes failed: Only part of a ReadProcessMemory or WriteProcessMemory request was completed. (0x12B)
[0629/135725.859:WARNING:pe_image_reader.cc(340)] could not read dos header from C:\WINDOWS\SYSTEM32\SSPICLI.DLL
[0629/135725.859:ERROR:process_memory_win.cc(73)] ReadMemory at 0x7ff914340000 of 64 bytes failed: Only part of a ReadProcessMemory or WriteProcessMemory request was completed. (0x12B)
[0629/135725.859:WARNING:pe_image_reader.cc(340)] could not read dos header from C:\WINDOWS\SYSTEM32\CRYPTBASE.DLL
[0629/135726.382:ERROR:process_memory_win.cc(73)] ReadMemory at 0x98695f0000 of 65536 bytes failed: Only part of a ReadProcessMemory or WriteProcessMemory request was completed. (0x12B)
[0629/135726.383:ERROR:process_memory_win.cc(73)] ReadMemory at 0x9869dfd000 of 12288 bytes failed: Only part of a ReadProcessMemory or WriteProcessMemory request was completed. (0x12B)
[0629/135726.383:ERROR:process_memory_win.cc(73)] ReadMemory at 0x986a5f6000 of 40960 bytes failed: Only part of a ReadProcessMemory or WriteProcessMemory request was completed. (0x12B)
[0629/135726.383:ERROR:process_memory_win.cc(73)] ReadMemory at 0x986adfc000 of 16384 bytes failed: Only part of a ReadProcessMemory or WriteProcessMemory request was completed. (0x12B)
[0629/135726.383:ERROR:process_memory_win.cc(73)] ReadMemory at 0x986b5fb000 of 20480 bytes failed: Only part of a ReadProcessMemory or WriteProcessMemory request was completed. (0x12B)
[0629/135726.383:ERROR:process_memory_win.cc(73)] ReadMemory at 0x986bdfe000 of 8192 bytes failed: Only part of a ReadProcessMemory or WriteProcessMemory request was completed. (0x12B)
[0629/135726.383:ERROR:process_memory_win.cc(73)] ReadMemory at 0x986c5fd000 of 12288 bytes failed: Only part of a ReadProcessMemory or WriteProcessMemory request was completed. (0x12B)
[0629/135726.383:ERROR:process_memory_win.cc(73)] ReadMemory at 0x986cdfb000 of 20480 bytes failed: Only part of a ReadProcessMemory or WriteProcessMemory request was completed. (0x12B)
[0629/135726.383:ERROR:process_memory_win.cc(73)] ReadMemory at 0x986d5fd000 of 12288 bytes failed: Only part of a ReadProcessMemory or WriteProcessMemory request was completed. (0x12B)
[0629/135726.383:ERROR:process_memory_win.cc(73)] ReadMemory at 0x986ddfd000 of 12288 bytes failed: Only part of a ReadProcessMemory or WriteProcessMemory request was completed. (0x12B)
[0629/135726.383:ERROR:process_memory_win.cc(73)] ReadMemory at 0x986e5fd000 of 12288 bytes failed: Only part of a ReadProcessMemory or WriteProcessMemory request was completed. (0x12B)
[0629/135726.383:ERROR:process_memory_win.cc(73)] ReadMemory at 0x986edfd000 of 12288 bytes failed: Only part of a ReadProcessMemory or WriteProcessMemory request was completed. (0x12B)
[0629/135726.383:ERROR:process_memory_win.cc(73)] ReadMemory at 0x986fdfc000 of 16384 bytes failed: Only part of a ReadProcessMemory or WriteProcessMemory request was completed. (0x12B)
[0629/135726.383:ERROR:process_memory_win.cc(73)] ReadMemory at 0x98705fc000 of 16384 bytes failed: Only part of a ReadProcessMemory or WriteProcessMemory request was completed. (0x12B)
[0629/135726.383:ERROR:process_memory_win.cc(73)] ReadMemory at 0x9868cec000 of 852 bytes failed: Only part of a ReadProcessMemory or WriteProcessMemory request was completed. (0x12B)
[0629/135726.383:ERROR:process_memory_win.cc(73)] ReadMemory at 0x9868ced000 of 6024 bytes failed: Only part of a ReadProcessMemory or WriteProcessMemory request was completed. (0x12B)
[0629/135726.383:ERROR:process_memory_win.cc(73)] ReadMemory at 0x9868cef000 of 6024 bytes failed: Only part of a ReadProcessMemory or WriteProcessMemory request was completed. (0x12B)
[0629/135726.384:ERROR:process_memory_win.cc(73)] ReadMemory at 0x9868cf1000 of 6024 bytes failed: Only part of a ReadProcessMemory or WriteProcessMemory request was completed. (0x12B)
[0629/135726.384:ERROR:process_memory_win.cc(73)] ReadMemory at 0x9868cf3000 of 6024 bytes failed: Only part of a ReadProcessMemory or WriteProcessMemory request was completed. (0x12B)
[0629/135726.384:ERROR:process_memory_win.cc(73)] ReadMemory at 0x9868cf5000 of 6024 bytes failed: Only part of a ReadProcessMemory or WriteProcessMemory request was completed. (0x12B)
[0629/135726.384:ERROR:process_memory_win.cc(73)] ReadMemory at 0x9868cf7000 of 6024 bytes failed: Only part of a ReadProcessMemory or WriteProcessMemory request was completed. (0x12B)
[0629/135726.384:ERROR:process_memory_win.cc(73)] ReadMemory at 0x9868cf9000 of 6024 bytes failed: Only part of a ReadProcessMemory or WriteProcessMemory request was completed. (0x12B)
[0629/135726.384:ERROR:process_memory_win.cc(73)] ReadMemory at 0x9868cfb000 of 6024 bytes failed: Only part of a ReadProcessMemory or WriteProcessMemory request was completed. (0x12B)
[0629/135726.384:ERROR:process_memory_win.cc(73)] ReadMemory at 0x9868cfd000 of 6024 bytes failed: Only part of a ReadProcessMemory or WriteProcessMemory request was completed. (0x12B)
[0629/135726.384:ERROR:process_memory_win.cc(73)] ReadMemory at 0x9868cff000 of 6024 bytes failed: Only part of a ReadProcessMemory or WriteProcessMemory request was completed. (0x12B)
[0629/135726.384:ERROR:process_memory_win.cc(73)] ReadMemory at 0x9868d01000 of 6024 bytes failed: Only part of a ReadProcessMemory or WriteProcessMemory request was completed. (0x12B)
[0629/135726.384:ERROR:process_memory_win.cc(73)] ReadMemory at 0x9868d03000 of 6024 bytes failed: Only part of a ReadProcessMemory or WriteProcessMemory request was completed. (0x12B)
[0629/135726.384:ERROR:process_memory_win.cc(73)] ReadMemory at 0x9868d07000 of 6024 bytes failed: Only part of a ReadProcessMemory or WriteProcessMemory request was completed. (0x12B)
[0629/135726.384:ERROR:process_memory_win.cc(73)] ReadMemory at 0x9868d09000 of 6024 bytes failed: Only part of a ReadProcessMemory or WriteProcessMemory request was completed. (0x12B)
[0629/135726.384:ERROR:process_memory_win.cc(73)] ReadMemory at 0x1bef7770750 of 80 bytes failed: Only part of a ReadProcessMemory or WriteProcessMemory request was completed. (0x12B)
[0629/135726.384:ERROR:process_memory_win.cc(73)] ReadMemory at 0x1bef7770fe0 of 28232 bytes failed: Only part of a ReadProcessMemory or WriteProcessMemory request was completed. (0x12B)
[0629/135726.384:ERROR:process_memory_win.cc(73)] ReadMemory at 0x1bef7777e30 of 1012 bytes failed: Only part of a ReadProcessMemory or WriteProcessMemory request was completed. (0x12B)
[0629/135726.385:ERROR:process_memory_win.cc(73)] ReadMemory at 0x1bef7778478 of 118 bytes failed: Only part of a ReadProcessMemory or WriteProcessMemory request was completed. (0x12B)
[0629/135726.385:ERROR:process_memory_win.cc(73)] ReadMemory at 0x1bef77784f0 of 758 bytes failed: Only part of a ReadProcessMemory or WriteProcessMemory request was completed. (0x12B)
[0629/135726.385:ERROR:process_memory_win.cc(73)] ReadMemory at 0x1bef77787e8 of 118 bytes failed: Only part of a ReadProcessMemory or WriteProcessMemory request was completed. (0x12B)
[0629/135726.385:ERROR:process_memory_win.cc(73)] ReadMemory at 0x1bef7778860 of 96 bytes failed: Only part of a ReadProcessMemory or WriteProcessMemory request was completed. (0x12B)
[0629/135726.385:ERROR:process_memory_win.cc(73)] ReadMemory at 0x1bef77788d0 of 58 bytes failed: Only part of a ReadProcessMemory or WriteProcessMemory request was completed. (0x12B)
[0629/135726.385:ERROR:process_memory_win.cc(73)] ReadMemory at 0x1bef77789d0 of 132 bytes failed: Only part of a ReadProcessMemory or WriteProcessMemory request was completed. (0x12B)
[0629/135726.385:ERROR:process_memory_win.cc(73)] ReadMemory at 0x1bef7778b60 of 132 bytes failed: Only part of a ReadProcessMemory or WriteProcessMemory request was completed. (0x12B)
[0629/135726.385:ERROR:process_memory_win.cc(73)] ReadMemory at 0x1bef7778d20 of 126 bytes failed: Only part of a ReadProcessMemory or WriteProcessMemory request was completed. (0x12B)
[0629/135726.385:ERROR:process_memory_win.cc(73)] ReadMemory at 0x1bef7779100 of 132 bytes failed: Only part of a ReadProcessMemory or WriteProcessMemory request was completed. (0x12B)
[0629/135726.385:ERROR:process_memory_win.cc(73)] ReadMemory at 0x1bef7779290 of 64 bytes failed: Only part of a ReadProcessMemory or WriteProcessMemory request was completed. (0x12B)
[0629/135726.395:ERROR:process_memory_win.cc(73)] ReadMemory at 0x1bef7779450 of 132 bytes failed: Only part of a ReadProcessMemory or WriteProcessMemory request was completed. (0x12B)
[0629/135726.477:ERROR:process_memory_win.cc(73)] ReadMemory at 0x1bef77796f0 of 132 bytes failed: Only part of a ReadProcessMemory or WriteProcessMemory request was completed. (0x12B)
[0629/135726.477:ERROR:process_memory_win.cc(73)] ReadMemory at 0x1bef7779880 of 68 bytes failed: Only part of a ReadProcessMemory or WriteProcessMemory request was completed. (0x12B)
[0629/135726.477:ERROR:process_memory_win.cc(73)] ReadMemory at 0x1bef777a950 of 132 bytes failed: Only part of a ReadProcessMemory or WriteProcessMemory request was completed. (0x12B)
[0629/135726.477:ERROR:process_memory_win.cc(73)] ReadMemory at 0x1bef777aae0 of 154 bytes failed: Only part of a ReadProcessMemory or WriteProcessMemory request was completed. (0x12B)
[0629/135726.477:ERROR:process_memory_win.cc(73)] ReadMemory at 0x1bef777b900 of 62 bytes failed: Only part of a ReadProcessMemory or WriteProcessMemory request was completed. (0x12B)
[0629/135726.477:ERROR:process_memory_win.cc(73)] ReadMemory at 0x1bef777b980 of 146 bytes failed: Only part of a ReadProcessMemory or WriteProcessMemory request was completed. (0x12B)
[0629/135726.477:ERROR:process_memory_win.cc(73)] ReadMemory at 0x1bef777ba60 of 132 bytes failed: Only part of a ReadProcessMemory or WriteProcessMemory request was completed. (0x12B)
[0629/135726.477:ERROR:process_memory_win.cc(73)] ReadMemory at 0x1bef777bbf0 of 60 bytes failed: Only part of a ReadProcessMemory or WriteProcessMemory request was completed. (0x12B)
[0629/135727.169:ERROR:process_memory_win.cc(73)] ReadMemory at 0x1bef777c570 of 132 bytes failed: Only part of a ReadProcessMemory or WriteProcessMemory request was completed. (0x12B)
[0629/135727.170:ERROR:process_memory_win.cc(73)] ReadMemory at 0x1bef777e9d0 of 132 bytes failed: Only part of a ReadProcessMemory or WriteProcessMemory request was completed. (0x12B)
[0629/135727.170:ERROR:process_memory_win.cc(73)] ReadMemory at 0x1bef7781e90 of 54 bytes failed: Only part of a ReadProcessMemory or WriteProcessMemory request was completed. (0x12B)
[0629/135727.170:ERROR:process_memory_win.cc(73)] ReadMemory at 0x1bef7782320 of 76 bytes failed: Only part of a ReadProcessMemory or WriteProcessMemory request was completed. (0x12B)
[0629/135727.170:ERROR:process_memory_win.cc(73)] ReadMemory at 0x1bef7782f20 of 80 bytes failed: Only part of a ReadProcessMemory or WriteProcessMemory request was completed. (0x12B)
[0629/135727.170:ERROR:process_memory_win.cc(73)] ReadMemory at 0x1bef77849d0 of 132 bytes failed: Only part of a ReadProcessMemory or WriteProcessMemory request was completed. (0x12B)
[0629/135727.212:ERROR:process_memory_win.cc(73)] ReadMemory at 0x1bef7784b00 of 132 bytes failed: Only part of a ReadProcessMemory or WriteProcessMemory request was completed. (0x12B)
[0629/135727.212:ERROR:process_memory_win.cc(73)] ReadMemory at 0x1bef7784d20 of 132 bytes failed: Only part of a ReadProcessMemory or WriteProcessMemory request was completed. (0x12B)
[0629/135727.213:ERROR:process_memory_win.cc(73)] ReadMemory at 0x1bef7784dd0 of 512 bytes failed: Only part of a ReadProcessMemory or WriteProcessMemory request was completed. (0x12B)
[0629/135727.213:ERROR:process_memory_win.cc(73)] ReadMemory at 0x1bef7786170 of 62 bytes failed: Only part of a ReadProcessMemory or WriteProcessMemory request was completed. (0x12B)
[0629/135727.225:ERROR:process_memory_win.cc(73)] ReadMemory at 0x1bef77862b0 of 62 bytes failed: Only part of a ReadProcessMemory or WriteProcessMemory request was completed. (0x12B)
[0629/135727.225:ERROR:process_memory_win.cc(73)] ReadMemory at 0x1bef7786300 of 62 bytes failed: Only part of a ReadProcessMemory or WriteProcessMemory request was completed. (0x12B)
[0629/135727.225:ERROR:process_memory_win.cc(73)] ReadMemory at 0x1bef77863f0 of 62 bytes failed: Only part of a ReadProcessMemory or WriteProcessMemory request was completed. (0x12B)
[0629/135727.225:ERROR:process_memory_win.cc(73)] ReadMemory at 0x1bef7786530 of 60 bytes failed: Only part of a ReadProcessMemory or WriteProcessMemory request was completed. (0x12B)
[0629/135727.225:ERROR:process_memory_win.cc(73)] ReadMemory at 0x1bef77865d0 of 60 bytes failed: Only part of a ReadProcessMemory or WriteProcessMemory request was completed. (0x12B)
[0629/135727.225:ERROR:process_memory_win.cc(73)] ReadMemory at 0x1bef7786620 of 58 bytes failed: Only part of a ReadProcessMemory or WriteProcessMemory request was completed. (0x12B)
[0629/135727.225:ERROR:process_memory_win.cc(73)] ReadMemory at 0x1bef7786670 of 64 bytes failed: Only part of a ReadProcessMemory or WriteProcessMemory request was completed. (0x12B)
[0629/135727.297:ERROR:process_memory_win.cc(73)] ReadMemory at 0x1bef77866c0 of 62 bytes failed: Only part of a ReadProcessMemory or WriteProcessMemory request was completed. (0x12B)
[0629/135727.298:ERROR:process_memory_win.cc(73)] ReadMemory at 0x1bef7786710 of 64 bytes failed: Only part of a ReadProcessMemory or WriteProcessMemory request was completed. (0x12B)
[0629/135727.298:ERROR:process_memory_win.cc(73)] ReadMemory at 0x1bef77867b0 of 64 bytes failed: Only part of a ReadProcessMemory or WriteProcessMemory request was completed. (0x12B)
[0629/135727.298:ERROR:process_memory_win.cc(73)] ReadMemory at 0x1bef77868f0 of 62 bytes failed: Only part of a ReadProcessMemory or WriteProcessMemory request was completed. (0x12B)
[0629/135727.298:ERROR:process_memory_win.cc(73)] ReadMemory at 0x1bef7786990 of 62 bytes failed: Only part of a ReadProcessMemory or WriteProcessMemory request was completed. (0x12B)
[0629/135727.364:ERROR:process_memory_win.cc(73)] ReadMemory at 0x1bef77869e0 of 60 bytes failed: Only part of a ReadProcessMemory or WriteProcessMemory request was completed. (0x12B)
[0629/135727.364:ERROR:process_memory_win.cc(73)] ReadMemory at 0x1bef7786a80 of 64 bytes failed: Only part of a ReadProcessMemory or WriteProcessMemory request was completed. (0x12B)
[0629/135727.364:ERROR:process_memory_win.cc(73)] ReadMemory at 0x1bef7786ad0 of 66 bytes failed: Only part of a ReadProcessMemory or WriteProcessMemory request was completed. (0x12B)
[0629/135727.364:ERROR:process_memory_win.cc(73)] ReadMemory at 0x1bef7786b70 of 66 bytes failed: Only part of a ReadProcessMemory or WriteProcessMemory request was completed. (0x12B)
[0629/135727.364:ERROR:process_memory_win.cc(73)] ReadMemory at 0x1bef7786bc0 of 64 bytes failed: Only part of a ReadProcessMemory or WriteProcessMemory request was completed. (0x12B)
[0629/135727.364:ERROR:process_memory_win.cc(73)] ReadMemory at 0x1bef7786c60 of 62 bytes failed: Only part of a ReadProcessMemory or WriteProcessMemory request was completed. (0x12B)
[0629/135727.364:ERROR:process_memory_win.cc(73)] ReadMemory at 0x1bef7786cb0 of 64 bytes failed: Only part of a ReadProcessMemory or WriteProcessMemory request was completed. (0x12B)
[0629/135727.364:ERROR:process_memory_win.cc(73)] ReadMemory at 0x1bef7786da0 of 64 bytes failed: Only part of a ReadProcessMemory or WriteProcessMemory request was completed. (0x12B)
[0629/135727.364:ERROR:process_memory_win.cc(73)] ReadMemory at 0x1bef7786df0 of 60 bytes failed: Only part of a ReadProcessMemory or WriteProcessMemory request was completed. (0x12B)
[0629/135727.364:ERROR:process_memory_win.cc(73)] ReadMemory at 0x1bef7786e40 of 64 bytes failed: Only part of a ReadProcessMemory or WriteProcessMemory request was completed. (0x12B)
[0629/135727.364:ERROR:process_memory_win.cc(73)] ReadMemory at 0x1bef7786ee0 of 60 bytes failed: Only part of a ReadProcessMemory or WriteProcessMemory request was completed. (0x12B)
[0629/135727.364:ERROR:process_memory_win.cc(73)] ReadMemory at 0x1bef7786f80 of 62 bytes failed: Only part of a ReadProcessMemory or WriteProcessMemory request was completed. (0x12B)
[0629/135727.528:ERROR:process_memory_win.cc(73)] ReadMemory at 0x1bef7787020 of 60 bytes failed: Only part of a ReadProcessMemory or WriteProcessMemory request was completed. (0x12B)
[0629/135727.528:ERROR:process_memory_win.cc(73)] ReadMemory at 0x1bef7787070 of 62 bytes failed: Only part of a ReadProcessMemory or WriteProcessMemory request was completed. (0x12B)
[0629/135727.528:ERROR:process_memory_win.cc(73)] ReadMemory at 0x1bef7787180 of 132 bytes failed: Only part of a ReadProcessMemory or WriteProcessMemory request was completed. (0x12B)
[0629/135727.528:ERROR:process_memory_win.cc(73)] ReadMemory at 0x1bef77873e0 of 132 bytes failed: Only part of a ReadProcessMemory or WriteProcessMemory request was completed. (0x12B)
[0629/135727.528:ERROR:process_memory_win.cc(73)] ReadMemory at 0x1bef7787510 of 132 bytes failed: Only part of a ReadProcessMemory or WriteProcessMemory request was completed. (0x12B)
[0629/135727.529:ERROR:process_memory_win.cc(73)] ReadMemory at 0x1bef7787640 of 132 bytes failed: Only part of a ReadProcessMemory or WriteProcessMemory request was completed. (0x12B)
[0629/135727.529:ERROR:process_memory_win.cc(73)] ReadMemory at 0x1bef7787770 of 132 bytes failed: Only part of a ReadProcessMemory or WriteProcessMemory request was completed. (0x12B)
[0629/135727.529:ERROR:process_memory_win.cc(73)] ReadMemory at 0x1bef77878a0 of 132 bytes failed: Only part of a ReadProcessMemory or WriteProcessMemory request was completed. (0x12B)
[0629/135727.529:ERROR:process_memory_win.cc(73)] ReadMemory at 0x1bef77879d0 of 132 bytes failed: Only part of a ReadProcessMemory or WriteProcessMemory request was completed. (0x12B)
[0629/135727.529:ERROR:process_memory_win.cc(73)] ReadMemory at 0x1bef7787b00 of 132 bytes failed: Only part of a ReadProcessMemory or WriteProcessMemory request was completed. (0x12B)
[0629/135727.529:ERROR:process_memory_win.cc(73)] ReadMemory at 0x1bef7787c30 of 132 bytes failed: Only part of a ReadProcessMemory or WriteProcessMemory request was completed. (0x12B)
[0629/135727.529:ERROR:process_memory_win.cc(73)] ReadMemory at 0x1bef7787d60 of 132 bytes failed: Only part of a ReadProcessMemory or WriteProcessMemory request was completed. (0x12B)
[0629/135727.529:ERROR:process_memory_win.cc(73)] ReadMemory at 0x1bef7787e90 of 132 bytes failed: Only part of a ReadProcessMemory or WriteProcessMemory request was completed. (0x12B)
[0629/135727.529:ERROR:process_memory_win.cc(73)] ReadMemory at 0x1bef7787fc0 of 132 bytes failed: Only part of a ReadProcessMemory or WriteProcessMemory request was completed. (0x12B)
[0629/135727.529:ERROR:process_memory_win.cc(73)] ReadMemory at 0x1bef7789400 of 132 bytes failed: Only part of a ReadProcessMemory or WriteProcessMemory request was completed. (0x12B)
[0629/135727.529:ERROR:process_memory_win.cc(73)] ReadMemory at 0x1bef7789530 of 132 bytes failed: Only part of a ReadProcessMemory or WriteProcessMemory request was completed. (0x12B)
[0629/135727.529:ERROR:process_memory_win.cc(73)] ReadMemory at 0x1bef778ad00 of 132 bytes failed: Only part of a ReadProcessMemory or WriteProcessMemory request was completed. (0x12B)
[0629/135727.529:ERROR:process_memory_win.cc(73)] ReadMemory at 0x1bef778c9c0 of 132 bytes failed: Only part of a ReadProcessMemory or WriteProcessMemory request was completed. (0x12B)
[0629/135727.529:ERROR:process_memory_win.cc(73)] ReadMemory at 0x1bef778cc20 of 132 bytes failed: Only part of a ReadProcessMemory or WriteProcessMemory request was completed. (0x12B)
[0629/135727.529:ERROR:process_memory_win.cc(73)] ReadMemory at 0x1bef778cd50 of 132 bytes failed: Only part of a ReadProcessMemory or WriteProcessMemory request was completed. (0x12B)
[0629/135727.529:ERROR:process_memory_win.cc(73)] ReadMemory at 0x1bef778d340 of 132 bytes failed: Only part of a ReadProcessMemory or WriteProcessMemory request was completed. (0x12B)
[0629/135727.541:ERROR:process_memory_win.cc(73)] ReadMemory at 0x1bef778d6d0 of 132 bytes failed: Only part of a ReadProcessMemory or WriteProcessMemory request was completed. (0x12B)
[0629/135727.541:ERROR:process_memory_win.cc(73)] ReadMemory at 0x1bef778da60 of 132 bytes failed: Only part of a ReadProcessMemory or WriteProcessMemory request was completed. (0x12B)
[0629/135727.541:ERROR:process_memory_win.cc(73)] ReadMemory at 0x1bef778dcc0 of 132 bytes failed: Only part of a ReadProcessMemory or WriteProcessMemory request was completed. (0x12B)
[0629/135727.541:ERROR:process_memory_win.cc(73)] ReadMemory at 0x1bef778ddf0 of 132 bytes failed: Only part of a ReadProcessMemory or WriteProcessMemory request was completed. (0x12B)
[0629/135727.675:ERROR:process_memory_win.cc(73)] ReadMemory at 0x1bef778e3e0 of 132 bytes failed: Only part of a ReadProcessMemory or WriteProcessMemory request was completed. (0x12B)
[0629/135727.675:ERROR:process_memory_win.cc(73)] ReadMemory at 0x1bef778e640 of 132 bytes failed: Only part of a ReadProcessMemory or WriteProcessMemory request was completed. (0x12B)
[0629/135727.675:ERROR:process_memory_win.cc(73)] ReadMemory at 0x1bef778fe90 of 132 bytes failed: Only part of a ReadProcessMemory or WriteProcessMemory request was completed. (0x12B)
[0629/135727.676:ERROR:process_memory_win.cc(73)] ReadMemory at 0x1bef77900a0 of 132 bytes failed: Only part of a ReadProcessMemory or WriteProcessMemory request was completed. (0x12B)
[0629/135727.676:ERROR:process_memory_win.cc(73)] ReadMemory at 0x1bef77aa280 of 512 bytes failed: Only part of a ReadProcessMemory or WriteProcessMemory request was completed. (0x12B)
[0629/135727.676:ERROR:process_memory_win.cc(73)] ReadMemory at 0x1bef7e10d00 of 512 bytes failed: Only part of a ReadProcessMemory or WriteProcessMemory request was completed. (0x12B)
[0629/135727.676:ERROR:process_memory_win.cc(73)] ReadMemory at 0x1bef7e6bd38 of 512 bytes failed: Only part of a ReadProcessMemory or WriteProcessMemory request was completed. (0x12B)
[0629/135727.676:ERROR:process_memory_win.cc(73)] ReadMemory at 0x1bef7e96510 of 512 bytes failed: Only part of a ReadProcessMemory or WriteProcessMemory request was completed. (0x12B)
[0629/135727.676:ERROR:process_memory_win.cc(73)] ReadMemory at 0x1bef7e9af90 of 512 bytes failed: Only part of a ReadProcessMemory or WriteProcessMemory request was completed. (0x12B)
[0629/135727.676:ERROR:process_memory_win.cc(73)] ReadMemory at 0x1bef7e9cc30 of 712 bytes failed: Only part of a ReadProcessMemory or WriteProcessMemory request was completed. (0x12B)
[0629/135727.676:ERROR:process_memory_win.cc(73)] ReadMemory at 0x1bef7ea7e00 of 512 bytes failed: Only part of a ReadProcessMemory or WriteProcessMemory request was completed. (0x12B)
[0629/135727.676:ERROR:process_memory_win.cc(73)] ReadMemory at 0x1bef7ebe070 of 512 bytes failed: Only part of a ReadProcessMemory or WriteProcessMemory request was completed. (0x12B)
[0629/135727.677:ERROR:process_memory_win.cc(73)] ReadMemory at 0x1bef9aeb590 of 512 bytes failed: Only part of a ReadProcessMemory or WriteProcessMemory request was completed. (0x12B)
[0629/135727.677:ERROR:process_memory_win.cc(73)] ReadMemory at 0x647000000000 of 384 bytes failed: Only part of a ReadProcessMemory or WriteProcessMemory request was completed. (0x12B)
[0629/135727.677:ERROR:process_memory_win.cc(73)] ReadMemory at 0x647008040000 of 384 bytes failed: Only part of a ReadProcessMemory or WriteProcessMemory request was completed. (0x12B)
[0629/135727.677:ERROR:process_memory_win.cc(73)] ReadMemory at 0x64700804028d of 512 bytes failed: Only part of a ReadProcessMemory or WriteProcessMemory request was completed. (0x12B)
[0629/135727.677:ERROR:process_memory_win.cc(73)] ReadMemory at 0x647008be62d4 of 512 bytes failed: Only part of a ReadProcessMemory or WriteProcessMemory request was completed. (0x12B)
[0629/135727.677:ERROR:process_memory_win.cc(73)] ReadMemory at 0x647008c18b31 of 512 bytes failed: Only part of a ReadProcessMemory or WriteProcessMemory request was completed. (0x12B)
[0629/135727.677:ERROR:process_memory_win.cc(73)] ReadMemory at 0x7ff8d10d0000 of 384 bytes failed: Only part of a ReadProcessMemory or WriteProcessMemory request was completed. (0x12B)
[0629/135727.677:ERROR:process_memory_win.cc(73)] ReadMemory at 0x7ff8d2d30317 of 512 bytes failed: Only part of a ReadProcessMemory or WriteProcessMemory request was completed. (0x12B)
[0629/135727.714:ERROR:process_memory_win.cc(73)] ReadMemory at 0x7ff8d2f92a10 of 512 bytes failed: Only part of a ReadProcessMemory or WriteProcessMemory request was completed. (0x12B)
[0629/135727.714:ERROR:process_memory_win.cc(73)] ReadMemory at 0x7ff8d3858cfc of 512 bytes failed: Only part of a ReadProcessMemory or WriteProcessMemory request was completed. (0x12B)
[0629/135727.714:ERROR:process_memory_win.cc(73)] ReadMemory at 0x7ff8d7ba532b of 512 bytes failed: Only part of a ReadProcessMemory or WriteProcessMemory request was completed. (0x12B)
[0629/135727.714:ERROR:process_memory_win.cc(73)] ReadMemory at 0x7ff914baa719 of 512 bytes failed: Only part of a ReadProcessMemory or WriteProcessMemory request was completed. (0x12B)
[0629/135727.715:ERROR:process_memory_win.cc(73)] ReadMemory at 0x7ff917adc074 of 672 bytes failed: Only part of a ReadProcessMemory or WriteProcessMemory request was completed. (0x12B)
[0629/135727.715:ERROR:process_memory_win.cc(73)] ReadMemory at 0x7ff917adc674 of 512 bytes failed: Only part of a ReadProcessMemory or WriteProcessMemory request was completed. (0x12B)
[0629/135727.715:ERROR:process_memory_win.cc(73)] ReadMemory at 0x7ff917adf924 of 608 bytes failed: Only part of a ReadProcessMemory or WriteProcessMemory request was completed. (0x12B)
[0629/135727.715:ERROR:process_memory_win.cc(73)] ReadMemory at 0x7ff917b6c428 of 18 bytes failed: Only part of a ReadProcessMemory or WriteProcessMemory request was completed. (0x12B)
[0629/135727.715:ERROR:process_memory_win.cc(73)] ReadMemory at 0x7ff917b9f4f8 of 40 bytes failed: Only part of a ReadProcessMemory or WriteProcessMemory request was completed. (0x12B)
[0629/135727.715:ERROR:process_memory_win.cc(73)] ReadMemory at 0x7ff917b9f978 of 48 bytes failed: Only part of a ReadProcessMemory or WriteProcessMemory request was completed. (0x12B)
[0629/135727.715:ERROR:process_memory_win.cc(73)] ReadMemory at 0x7ff917ba53c0 of 64 bytes failed: Only part of a ReadProcessMemory or WriteProcessMemory request was completed. (0x12B)
[0629/135729.844:ERROR:scoped_process_suspend.cc(40)] NtResumeProcess: An attempt was made to access an exiting process. (0xc000010a)
[0629/140454.477:ERROR:process_reader_win.cc(123)] NtOpenThread: {Access Denied} A process has requested access to an object, but has not been granted those access rights. (0xc0000022)
[0629/140454.479:ERROR:process_reader_win.cc(123)] NtOpenThread: {Access Denied} A process has requested access to an object, but has not been granted those access rights. (0xc0000022)
[0629/140454.477:ERROR:process_reader_win.cc(123)] NtOpenThread: {Access Denied} A process has requested access to an object, but has not been granted those access rights. (0xc0000022)
[0629/140454.493:ERROR:exception_snapshot_win.cc(98)] thread ID 10256 not found in process
[0629/140454.493:ERROR:exception_snapshot_win.cc(98)] thread ID 5292 not found in process
[0629/140454.493:ERROR:exception_snapshot_win.cc(98)] thread ID 9372 not found in process
[0629/140454.496:ERROR:process_reader_win.cc(123)] NtOpenThread: {Access Denied} A process has requested access to an object, but has not been granted those access rights. (0xc0000022)
[0629/140454.496:ERROR:exception_snapshot_win.cc(98)] thread ID 11984 not found in process
[0629/140454.512:ERROR:process_reader_win.cc(123)] NtOpenThread: {Access Denied} A process has requested access to an object, but has not been granted those access rights. (0xc0000022)
[0629/140454.512:ERROR:exception_snapshot_win.cc(98)] thread ID 7516 not found in process
[0629/140454.512:ERROR:process_reader_win.cc(123)] NtOpenThread: {Access Denied} A process has requested access to an object, but has not been granted those access rights. (0xc0000022)
[0629/140454.512:ERROR:process_reader_win.cc(123)] NtOpenThread: {Access Denied} A process has requested access to an object, but has not been granted those access rights. (0xc0000022)
[0629/140454.512:ERROR:exception_snapshot_win.cc(98)] thread ID 9576 not found in process
[0629/140454.512:ERROR:exception_snapshot_win.cc(98)] thread ID 8304 not found in process
